0000	1000	COPY    START   1000          
0005	1000	        +LDB     #LENGTH      6910103A
0010	1004	FIRST   STL     RETADR        172030
0015	1007	CLOOP   JSUB    RDREC         4B4003
0020	100A	        LDA     LENGTH        03202D
0025	100D	        COMP    ZERO          2B2024
0030	1010	        JEQ     ENDFIL        332006
0035	1013	        JSUB    WRREC         4B402B
0040	1016	        J       CLOOP         3F2FEE
0045	1019	ENDFIL  LDA     EOF           032012
0050	101C	        STA     BUFFER        0F201E
0055	101F	        LDA     THREE         03200F
0060	1022	        STA     LENGTH        0F2015
0065	1025	        JSUB    WRREC         4B402B
0070	1028	        LDL     RETADR        0B200C
0075	102B	        RSUB                  4F0000
0080	102E	EOF     BYTE    C'EOF'        454F46
0085	1031	THREE   WORD    3             000003
0090	1034	ZERO    WORD    0             000000
0095	1037	RETADR  RESW    1             
0100	103A	LENGTH  RESW    1             
0105	103D	BUFFER  RESB    4096          
0110	203D	RDREC   LDX     ZERO          074FFA
0115	2040	        LDA     ZERO          034FFA
0120	2043	RLOOP   TD      INPUT         E3201B
0125	2046	        JEQ     RLOOP         332FFA
0130	2049	        RD   INPUT            DB2015
0135	204C	        COMP    ZERO          2B4FFA
0140	204F	        JEQ     EXIT          332009
0145	2052	        STCH    BUFFER, X     57C003
0150	2055	        TIX     MAXLEN        2F200A
0155	2058	        JLT     RLOOP         3B2FE8
0160	205B	EXIT    STX     LENGTH        134000
0165	205E	        RSUB                  4F0000
0170	2061	INPUT   BYTE    X'F1'         F1
0175	2062	MAXLEN  WORD    4096          001000
0180	2065	WRREC   LDX     ZERO          074FFA
0185	2068	WLOOP   TD      OUTPUT        E32012
0190	206B	        JEQ     WLOOP         332FFA
0195	206E	        LDCH    BUFFER, X     53C003
0200	2071	        WD      OUTPUT        DF2009
0205	2074	        TIX     LENGTH        2F4000
0210	2077	        JLT     WLOOP         3B2FEE
0215	207A	        RSUB                  4F0000
0220	207D	OUTPUT  BYTE    X'05'         05
0225	207E	        END     FIRST         
